<?xml version="1.0" encoding="UTF-8"?>
<testExecutions version="1">
    <file path="C:\Users\Jackie\Documents\University\SENG302\team-900\frontend\src\components\tests\Users.test.js">
        <testCase name="User profile page tests Check calculateDuration is called" duration="223"/>
        <testCase name="User profile page tests User info loads successfully" duration="33"/>
        <testCase name="User profile page tests addUserToBusiness function is called" duration="96"/>
        <testCase name="Business link tests with businesses Business names load successfully" duration="29"/>
        <testCase name="Business link tests with businesses goToBusinessPage function gets called" duration="26"/>
        <testCase name="Business link tests without businesses Business names don&apos;t appear" duration="74"/>
    </file>
    <file path="C:\Users\Jackie\Documents\University\SENG302\team-900\frontend\src\__tests__\Business.test.js">
        <testCase name="Business tests is a Vue instance" duration="333"/>
        <testCase name="Business tests has business" duration="130"/>
        <testCase name="Successful login business page loads successfully" duration="126"/>
        <testCase name="Functionality tests Check session is called" duration="127"/>
        <testCase name="Functionality tests Check GET user info is called and sets data" duration="94"/>
        <testCase name="Functionality tests Check GET business is being called and sets data" duration="140"/>
    </file>
    <file path="C:\Users\Jackie\Documents\University\SENG302\team-900\frontend\src\__tests__\ModifyCatalog.test.js">
        <testCase name="Component is a Vue instance" duration="151"/>
        <testCase name="Modify Catalogue form error checking Handles no product name modification" duration="63"/>
        <testCase name="Modify Catalogue form error checking Handles no product id modification" duration="67"/>
        <testCase name="Modify Catalogue form error checking Handles no manufacturer modification" duration="68"/>
        <testCase name="Modify Catalogue form error checking Handles no rrp modification" duration="39"/>
        <testCase name="Modify Catalogue form error checking Handles negative rrp modification" duration="34"/>
    </file>
    <file path="C:\Users\Jackie\Documents\University\SENG302\team-900\frontend\src\__tests__\AddToCatalogue.test.js">
        <testCase name="Component is a Vue instance" duration="155"/>
        <testCase name="Add To Catalogue form error checking Handles empty Register" duration="133"/>
        <testCase name="Add To Catalogue form error checking Handles no product name" duration="52"/>
        <testCase name="Add To Catalogue form error checking Handles no product id" duration="81"/>
        <testCase name="Add To Catalogue form error checking Handles no rrp" duration="31"/>
        <testCase name="Add To Catalogue form error checking Handles negative rrp" duration="28"/>
        <testCase name="Add To Catalogue form error checking Handles no manufacturer" duration="33"/>
    </file>
    <file path="C:\Users\Jackie\Documents\University\SENG302\team-900\frontend\src\__tests__\ModifyInventory.test.js">
        <testCase name="Component is a Vue instance" duration="114"/>
        <testCase name="Component Invalid ID error" duration="116"/>
        <testCase name="Component Invalid PricePerItem error" duration="66"/>
        <testCase name="Component No date error" duration="59"/>
        <testCase name="Component Bad price per item error" duration="90"/>
        <testCase name="Component Past best before date error" duration="64"/>
        <testCase name="Component Past list expiry date error" duration="101"/>
        <testCase name="Component Future manufacture date error" duration="102"/>
        <testCase name="Component Past sell by date error" duration="66"/>
    </file>
    <file path="C:\Users\Jackie\Documents\University\SENG302\team-900\frontend\src\__tests__\BusinessListings.test.js">
        <testCase name="Component is a Vue instance" duration="238"/>
        <testCase name="Component Listings data is not empty." duration="157"/>
        <testCase name="UI tests Table/grid view switch changes successfully" duration="291"/>
        <testCase name="UI tests Grid sort order switches successfully" duration="126"/>
        <testCase name="Functionality tests Sort direction switches successfully" duration="132"/>
        <testCase name="Functionality tests Currency is set properly" duration="116"/>
        <testCase name="Functionality tests Sort direction successfully changes" duration="161"/>
        <testCase name="Functionality tests Product image url is retrieved" duration="111"/>
    </file>
    <file path="C:\Users\Jackie\Documents\University\SENG302\team-900\frontend\src\__tests__\ProductCatalogue.test.js">
        <testCase name="Component is a Vue instance" duration="507"/>
        <testCase name="UI tests Correct number of grid cards is displayed" duration="257"/>
        <testCase name="UI tests uploadImage is called when new file uploaded" duration="249"/>
        <testCase name="Functionality tests Data is initialized and set properly." duration="248"/>
        <testCase name="Functionality tests Currency is set properly" duration="254"/>
        <testCase name="Functionality tests Product item image url is retrieved" duration="224"/>
    </file>
    <file path="C:\Users\Jackie\Documents\University\SENG302\team-900\frontend\src\__tests__\Login.test.js">
        <testCase name="Login error checking Handles empty login" duration="98"/>
        <testCase name="Login error checking Handles only email" duration="23"/>
        <testCase name="Login error checking Handles only password" duration="16"/>
        <testCase name="Login error checking Handles bad email" duration="20"/>
    </file>
    <file path="C:\Users\Jackie\Documents\University\SENG302\team-900\frontend\src\__tests__\ActingAs.test.js">
        <testCase name="User acting as tests is a Vue instance" duration="30"/>
        <testCase name="User acting as tests Check username is shown" duration="20"/>
        <testCase name="User acting as tests Check username is displaying the correct username and role" duration="43"/>
        <testCase name="User acting as tests Check user primary businesses list is rendered" duration="18"/>
        <testCase name="User acting as tests Check selecting business in dropdown calls setActingAsBusinessId method" duration="41"/>
        <testCase name="User acting as tests Check selecting user calls setActingAsUser method" duration="33"/>
    </file>
    <file path="C:\Users\Jackie\Documents\University\SENG302\team-900\frontend\src\__tests__\Search.test.js">
        <testCase name="Search page tests Table exists when valid data is in response" duration="44"/>
        <testCase name="Search page tests Mobile mode not on when window is normal size" duration="28"/>
        <testCase name="Search page tests Mobile mode active when window size is reduced" duration="22"/>
    </file>
    <file path="C:\Users\Jackie\Documents\University\SENG302\team-900\frontend\src\__tests__\BusinessAdministrators.test.js">
        <testCase name="Component is a Vue instance" duration="11"/>
        <testCase name="Component Props data loads correctly." duration="6"/>
        <testCase name="UI components render successfully Correct number of admin cards generate" duration="12"/>
        <testCase name="Checking method functions Router pushes" duration="24"/>
    </file>
    <file path="C:\Users\Jackie\Documents\University\SENG302\team-900\frontend\src\__tests__\Homepage.test.js">
        <testCase name="Homepage user tests User&apos;s first name is shown" duration="54"/>
        <testCase name="Homepage user tests Go to profile gets called when clicked" duration="37"/>
        <testCase name="Homepage user tests Go to marketplace is present" duration="25"/>
        <testCase name="Homepage business tests is a Vue instance" duration="17"/>
        <testCase name="Homepage business tests Business&apos;s name is shown" duration="28"/>
        <testCase name="Homepage business tests Go to business profile gets called when clicked" duration="20"/>
        <testCase name="Homepage business tests Go to business catalogue gets called when clicked" duration="18"/>
    </file>
    <file path="C:\Users\Jackie\Documents\University\SENG302\team-900\frontend\src\__tests__\CommunityMarketplace.test.js">
        <testCase name="Component is a Vue instance" duration="190"/>
        <testCase name="CommunityMarketplace toggle tests Grid view is shown at first" duration="129"/>
        <testCase name="CommunityMarketplace toggle tests Table view is shown when slider toggled" duration="172"/>
        <testCase name="Method tests Cards is successfully set." duration="95"/>
    </file>
    <file path="C:\Users\Jackie\Documents\University\SENG302\team-900\frontend\src\__tests__\AddToInventory.test.js">
        <testCase name="Component is a Vue instance" duration="67"/>
        <testCase name="Component Invalid ID error" duration="84"/>
        <testCase name="Component Invalid PricePerItem error" duration="100"/>
        <testCase name="Component No date error" duration="78"/>
        <testCase name="Component Bad price per item error" duration="75"/>
        <testCase name="Component Past best before date error" duration="86"/>
        <testCase name="Component Past list expiry date error" duration="66"/>
        <testCase name="Component Future manufacture date error" duration="93"/>
        <testCase name="Component Past sell by date error" duration="84"/>
        <testCase name="Component Autofill" duration="68"/>
    </file>
    <file path="C:\Users\Jackie\Documents\University\SENG302\team-900\frontend\src\__tests__\Register.test.js">
        <testCase name="Register error checking Handles empty register" duration="465"/>
        <testCase name="Register error checking Handles only email" duration="310"/>
        <testCase name="Register error checking Handles only password" duration="270"/>
        <testCase name="Register error checking Handles bad email" duration="289"/>
        <testCase name="Register error checking Handles large bio too large" duration="391"/>
        <testCase name="Method Checking Country is successfully set" duration="179"/>
        <testCase name="Method Checking City is successfully set" duration="247"/>
        <testCase name="Checking age validity Test empty date of birth" duration="108"/>
        <testCase name="Checking age validity Test successful age older than 13" duration="73"/>
        <testCase name="Checking age validity Test unsuccessful age younger than 13" duration="95"/>
        <testCase name="Checking age validity Test date of birth of now to be invalid" duration="55"/>
    </file>
    <file path="C:\Users\Jackie\Documents\University\SENG302\team-900\frontend\src\__tests__\RegisterBusiness.test.js">
        <testCase name="Business Register error checking Handles empty Register" duration="450"/>
        <testCase name="Business Register error checking Handles only name" duration="241"/>
        <testCase name="Business Register error checking Handles only a type" duration="186"/>
        <testCase name="Business Register error checking Handles old enough user" duration="306"/>
        <testCase name="Business Register user age checking Handles to young user" duration="186"/>
        <testCase name="Business registration method checking Country is successfully set" duration="144"/>
        <testCase name="Business registration method checking City is successfully set" duration="86"/>
        <testCase name="Checking valid age to register a business Test empty date of birth" duration="64"/>
        <testCase name="Checking valid age to register a business Test successful age older than 16" duration="58"/>
        <testCase name="Checking valid age to register a business Test unsuccessful age younger than 16" duration="54"/>
        <testCase name="Checking valid age to register a business Test date of birth of now to be invalid" duration="56"/>
        <testCase name="Check user sessions Not logged in (no userId in store)" duration="68"/>
    </file>
    <file path="C:\Users\Jackie\Documents\University\SENG302\team-900\frontend\src\__tests__\BusinessInventory.test.js">
        <testCase name="Component is a Vue instance" duration="823"/>
        <testCase name="New sale listing modal tests No changes to input fields - reject form" duration="554"/>
        <testCase name="New sale listing modal tests Invalid form with negative price" duration="330"/>
        <testCase name="New sale listing modal tests Invalid form with bad date" duration="207"/>
        <testCase name="New sale listing modal tests Successfully creates a new form" duration="177"/>
        <testCase name="New sale listing modal tests New Listing closes on button click" duration="158"/>
        <testCase name="New sale listing modal tests Form autocomplete calculates product attribute fields" duration="161"/>
    </file>
</testExecutions>