<?xml version="1.0" encoding="UTF-8"?>
<testExecutions version="1">
    <file path="C:\Users\itsja\Documents\SENG302\team-900\frontend\src\__tests__\Register.test.js">
        <testCase name="Register error checking Handles empty register" duration="585"/>
        <testCase name="Register error checking Handles only email" duration="283"/>
        <testCase name="Register error checking Handles only password" duration="327"/>
        <testCase name="Register error checking Handles bad email" duration="277"/>
        <testCase name="Register error checking Handles large bio too large" duration="276"/>
        <testCase name="Method Checking Country is successfully set" duration="259"/>
        <testCase name="Method Checking City is successfully set" duration="234"/>
        <testCase name="Checking age validity Test empty date of birth" duration="196"/>
        <testCase name="Checking age validity Test successful age older than 13" duration="180"/>
        <testCase name="Checking age validity Test unsuccessful age younger than 13" duration="181"/>
        <testCase name="Checking age validity Test date of birth of now to be invalid" duration="187"/>
    </file>
    <file path="C:\Users\itsja\Documents\SENG302\team-900\frontend\src\__tests__\RegisterBusiness.test.js">
        <testCase name="Business Register error checking Handles empty Register" duration="552"/>
        <testCase name="Business Register error checking Handles only name" duration="241"/>
        <testCase name="Business Register error checking Handles only a type" duration="246"/>
        <testCase name="Business Register error checking Handles old enough user" duration="212"/>
        <testCase name="Business Register user age checking Handles to young user" duration="247"/>
        <testCase name="Business registration method checking Country is successfully set" duration="204"/>
        <testCase name="Business registration method checking City is successfully set" duration="188"/>
        <testCase name="Checking valid age to register a business Test empty date of birth" duration="155"/>
        <testCase name="Checking valid age to register a business Test successful age older than 16" duration="186"/>
        <testCase name="Checking valid age to register a business Test unsuccessful age younger than 16" duration="152"/>
        <testCase name="Checking valid age to register a business Test date of birth of now to be invalid" duration="143"/>
        <testCase name="Check user sessions Not logged in (no userId in store)" duration="152"/>
        <testCase name="Creating business Successful" duration="169"/>
        <testCase name="Creating business Unsuccessful" duration="160"/>
        <testCase name="Get user info Successful" duration="171"/>
    </file>
    <file path="C:\Users\itsja\Documents\SENG302\team-900\frontend\src\__tests__\Users.test.js">
        <testCase name="User profile page tests Check calculateDuration is called" duration="207"/>
        <testCase name="User profile page tests User info loads successfully" duration="68"/>
        <testCase name="User profile page tests addUserToBusiness function is called" duration="153"/>
        <testCase name="User profile page tests Card modal successfully opens" duration="251"/>
        <testCase name="User profile page tests User cards is retrieved and set" duration="151"/>
        <testCase name="Business link tests with businesses Business names load successfully" duration="76"/>
        <testCase name="Business link tests with businesses goToBusinessPage function gets called" duration="81"/>
        <testCase name="Business link tests without businesses Business names don&apos;t appear" duration="71"/>
        <testCase name="User details tests Successful addition to business" duration="80"/>
        <testCase name="User details tests User already an admin" duration="105"/>
    </file>
    <file path="C:\Users\itsja\Documents\SENG302\team-900\frontend\src\__tests__\CardModal.test.js">
        <testCase name="Card modal functionality is a Vue instance" duration="168"/>
        <testCase name="Card modal functionality Reset state correctly resets values" duration="80"/>
        <testCase name="Card modal functionality Open modal correctly updates showing value" duration="239"/>
        <testCase name="Card modal functionality Open modal calls resetState" duration="70"/>
        <testCase name="Card modal UI is a Vue instance" duration="55"/>
        <testCase name="Card modal UI Message button opens message box" duration="84"/>
        <testCase name="Card modal UI User is not the owner - successfully shows message button" duration="47"/>
        <testCase name="Card modal UI User is card owner - successfully shows edit button" duration="76"/>
        <testCase name="Card editing Edited card title is too long" duration="44"/>
        <testCase name="Card editing Edited card title is too short" duration="44"/>
        <testCase name="Card editing Edited card title is invalid" duration="45"/>
        <testCase name="Card editing Edited card title is of valid length" duration="61"/>
        <testCase name="Card editing Edited card has missing section" duration="71"/>
        <testCase name="Card editing Edited card has valid section" duration="51"/>
        <testCase name="Card editing Card edit is invalid - bad title" duration="46"/>
        <testCase name="Card editing Card edit is invalid - bad section" duration="66"/>
        <testCase name="Card editing Card edit is valid" duration="73"/>
        <testCase name="Messaging is a Vue instance" duration="48"/>
        <testCase name="Messaging Message box shows with input" duration="121"/>
        <testCase name="Messaging Message is checked after send" duration="185"/>
        <testCase name="Messaging User is card owner - successfully shows delete button" duration="61"/>
        <testCase name="Messaging After sent success, Message clears and user is notified" duration="65"/>
        <testCase name="Messaging On null recipient, User is notified and message is not cleared" duration="57"/>
        <testCase name="Messaging On blank message, User is notified" duration="52"/>
    </file>
    <file path="C:\Users\itsja\Documents\SENG302\team-900\frontend\src\__tests__\Business.test.js">
        <testCase name="Business tests is a Vue instance" duration="290"/>
        <testCase name="Business tests has business" duration="166"/>
        <testCase name="Successful login business page loads successfully" duration="161"/>
        <testCase name="Functionality tests Check session is called" duration="115"/>
        <testCase name="Functionality tests Check GET user info is called and sets data" duration="123"/>
        <testCase name="Functionality tests Check GET business is being called and sets data" duration="160"/>
    </file>
    <file path="C:\Users\itsja\Documents\SENG302\team-900\frontend\src\__tests__\BusinessInventory.test.js">
        <testCase name="Component is a Vue instance" duration="496"/>
        <testCase name="New sale listing modal tests No changes to input fields - reject form" duration="270"/>
        <testCase name="New sale listing modal tests Invalid form with negative price" duration="222"/>
        <testCase name="New sale listing modal tests Invalid form with bad date" duration="300"/>
        <testCase name="New sale listing modal tests Successfully creates a new form" duration="534"/>
        <testCase name="New sale listing modal tests New Listing closes on button click" duration="274"/>
        <testCase name="New sale listing modal tests Form autocomplete calculates product attribute fields" duration="266"/>
    </file>
    <file path="C:\Users\itsja\Documents\SENG302\team-900\frontend\src\__tests__\MarketplaceAddCard.test.js">
        <testCase name="Component is a Vue instance" duration="109"/>
        <testCase name="Component No section error" duration="236"/>
        <testCase name="Component No title error" duration="167"/>
        <testCase name="Component Too long title error" duration="277"/>
        <testCase name="Component Card title is only spaces error" duration="161"/>
        <testCase name="Component Valid card" duration="124"/>
        <testCase name="Component Open modal" duration="147"/>
        <testCase name="Component Reset values" duration="142"/>
        <testCase name="Component Close modal after successful submission" duration="185"/>
        <testCase name="Card creation Succesful creation" duration="134"/>
    </file>
    <file path="C:\Users\itsja\Documents\SENG302\team-900\frontend\src\__tests__\ProductCatalogue.test.js">
        <testCase name="Component is a Vue instance" duration="683"/>
        <testCase name="UI tests Correct number of grid cards is displayed" duration="317"/>
        <testCase name="UI tests uploadImage is called when new file uploaded" duration="509"/>
        <testCase name="Functionality tests Data is initialized and set properly." duration="293"/>
        <testCase name="Functionality tests Currency is set properly" duration="267"/>
        <testCase name="Functionality tests Product item image url is retrieved" duration="390"/>
    </file>
    <file path="C:\Users\itsja\Documents\SENG302\team-900\frontend\src\__tests__\CommunityMarketplace.test.js">
        <testCase name="Component is a Vue instance" duration="755"/>
        <testCase name="CommunityMarketplace toggle tests Grid view is shown at first" duration="521"/>
        <testCase name="CommunityMarketplace toggle tests Table view is shown when slider toggled" duration="450"/>
        <testCase name="Method tests Cards is successfully set." duration="422"/>
        <testCase name="Method tests Switching tab to Wanted" duration="642"/>
        <testCase name="Method tests Switching tab to Exchange" duration="446"/>
        <testCase name="Method tests Switching tab to non-existing tab" duration="480"/>
    </file>
    <file path="C:\Users\itsja\Documents\SENG302\team-900\frontend\src\__tests__\Homepage.test.js">
        <testCase name="Homepage user tests User&apos;s first name is shown" duration="86"/>
        <testCase name="Homepage user tests Go to profile gets called when clicked" duration="32"/>
        <testCase name="Homepage user tests Go to marketplace is present" duration="151"/>
        <testCase name="Homepage user tests Card modal successfully opens" duration="40"/>
        <testCase name="Homepage user tests User&apos;s cards are retrieved and set" duration="34"/>
        <testCase name="Homepage business tests is a Vue instance" duration="22"/>
        <testCase name="Homepage business tests Business&apos;s name is shown" duration="27"/>
        <testCase name="Homepage business tests Go to business profile gets called when clicked" duration="23"/>
        <testCase name="Homepage business tests Go to business catalogue gets called when clicked" duration="28"/>
        <testCase name="Tests for functionality Get user ID test successfully" duration="18"/>
        <testCase name="Tests for functionality Get user ID while logged out" duration="19"/>
    </file>
    <file path="C:\Users\itsja\Documents\SENG302\team-900\frontend\src\__tests__\AddToCatalogue.test.js">
        <testCase name="Component is a Vue instance" duration="232"/>
        <testCase name="Add To Catalogue form error checking Handles empty Register" duration="253"/>
        <testCase name="Add To Catalogue form error checking Handles no product name" duration="80"/>
        <testCase name="Add To Catalogue form error checking Handles no product id" duration="74"/>
        <testCase name="Add To Catalogue form error checking Handles no rrp" duration="56"/>
        <testCase name="Add To Catalogue form error checking Handles negative rrp" duration="62"/>
        <testCase name="Add To Catalogue form error checking Handles no manufacturer" duration="66"/>
    </file>
    <file path="C:\Users\itsja\Documents\SENG302\team-900\frontend\src\__tests__\AddToInventory.test.js">
        <testCase name="Component is a Vue instance" duration="98"/>
        <testCase name="Component Invalid ID error" duration="164"/>
        <testCase name="Component Invalid PricePerItem error" duration="74"/>
        <testCase name="Component No date error" duration="101"/>
        <testCase name="Component Bad price per item error" duration="113"/>
        <testCase name="Component Total price is negative" duration="74"/>
        <testCase name="Component Total price is null" duration="82"/>
        <testCase name="Component Invalid quantity error" duration="100"/>
        <testCase name="Component Past best before date error" duration="142"/>
        <testCase name="Component Past list expiry date error" duration="207"/>
        <testCase name="Component Future manufacture date error" duration="108"/>
        <testCase name="Component Past sell by date error" duration="101"/>
        <testCase name="Component Best Before date is after expiry date error" duration="60"/>
        <testCase name="Component Best Before date is before expiry date success" duration="132"/>
        <testCase name="Component Successful inventory addition" duration="141"/>
        <testCase name="Component Modal opens and sets info correctly" duration="96"/>
        <testCase name="Component Product image url is retrieved" duration="79"/>
        <testCase name="Component Default image product url is retrieved" duration="43"/>
        <testCase name="Component Full product info modal appears when clicking image" duration="53"/>
    </file>
    <file path="C:\Users\itsja\Documents\SENG302\team-900\frontend\src\__tests__\ModifyCatalog.test.js">
        <testCase name="Component is a Vue instance" duration="286"/>
        <testCase name="Modify Catalogue form error checking Handles no product name modification" duration="48"/>
        <testCase name="Modify Catalogue form error checking Handles no product id modification" duration="54"/>
        <testCase name="Modify Catalogue form error checking Handles no manufacturer modification" duration="34"/>
        <testCase name="Modify Catalogue form error checking Handles no rrp modification" duration="83"/>
        <testCase name="Modify Catalogue form error checking Handles negative rrp modification" duration="33"/>
    </file>
    <file path="C:\Users\itsja\Documents\SENG302\team-900\frontend\src\__tests__\Login.test.js">
        <testCase name="Login error checking Handles empty login" duration="190"/>
        <testCase name="Login error checking Handles only email" duration="96"/>
        <testCase name="Login error checking Handles only password" duration="128"/>
        <testCase name="Login error checking Handles bad email" duration="83"/>
        <testCase name="Logging in Successful login" duration="49"/>
        <testCase name="Logging in Unsuccessful login - Bad request" duration="48"/>
    </file>
    <file path="C:\Users\itsja\Documents\SENG302\team-900\frontend\src\__tests__\ActingAs.test.js">
        <testCase name="User acting as tests is a Vue instance" duration="25"/>
        <testCase name="User acting as tests Check username is shown" duration="27"/>
        <testCase name="User acting as tests Check username is displaying the correct username and role" duration="19"/>
        <testCase name="User acting as tests Check user primary businesses list is rendered" duration="35"/>
        <testCase name="User acting as tests Check selecting business in dropdown calls setActingAsBusinessId method" duration="20"/>
        <testCase name="User acting as tests Check selecting user calls setActingAsUser method" duration="22"/>
    </file>
    <file path="C:\Users\itsja\Documents\SENG302\team-900\frontend\src\__tests__\BusinessListings.test.js">
        <testCase name="Component is a Vue instance" duration="163"/>
        <testCase name="Component Listings data is not empty." duration="178"/>
        <testCase name="UI tests Table/grid view switch changes successfully" duration="339"/>
        <testCase name="UI tests Grid sort order switches successfully" duration="277"/>
        <testCase name="Functionality tests Sort direction switches successfully" duration="230"/>
        <testCase name="Functionality tests Currency is set properly" duration="148"/>
        <testCase name="Functionality tests Sort direction successfully changes" duration="161"/>
        <testCase name="Functionality tests Product image url is retrieved" duration="193"/>
    </file>
    <file path="C:\Users\itsja\Documents\SENG302\team-900\frontend\src\__tests__\BusinessAdministrators.test.js">
        <testCase name="Component is a Vue instance" duration="13"/>
        <testCase name="Component Props data loads correctly." duration="6"/>
        <testCase name="UI components render successfully Correct number of admin cards generate" duration="9"/>
        <testCase name="Checking method functions Router pushes" duration="8"/>
    </file>
    <file path="C:\Users\itsja\Documents\SENG302\team-900\frontend\src\__tests__\ModifyInventory.test.js">
        <testCase name="Component is a Vue instance" duration="113"/>
        <testCase name="Component Invalid ID error" duration="131"/>
        <testCase name="Component Invalid PricePerItem error" duration="98"/>
        <testCase name="Component No date error" duration="78"/>
        <testCase name="Component Negative price per item error" duration="138"/>
        <testCase name="Component Null total price error" duration="106"/>
        <testCase name="Component Negative total price error" duration="108"/>
        <testCase name="Component Negative quantity error" duration="134"/>
        <testCase name="Component Past best before date error" duration="116"/>
        <testCase name="Component Past list expiry date error" duration="64"/>
        <testCase name="Component Future manufacture date error" duration="65"/>
        <testCase name="Component Past sell by date error" duration="71"/>
        <testCase name="Component Best Before date is after expiry date error" duration="58"/>
        <testCase name="Component Best Before date is before expiry date success" duration="62"/>
        <testCase name="Component Successful check" duration="46"/>
        <testCase name="Get business products Success" duration="23"/>
        <testCase name="Get business products Failure" duration="24"/>
        <testCase name="Modify inventory tests Successful modify" duration="43"/>
        <testCase name="Modify inventory tests Unsuccessful with bad response" duration="29"/>
        <testCase name="Modify inventory tests Unsuccessful with forbidden response" duration="25"/>
        <testCase name="Autofill Autofill" duration="36"/>
    </file>
    <file path="C:\Users\itsja\Documents\SENG302\team-900\frontend\src\__tests__\Search.test.js">
        <testCase name="Search page tests Table exists when valid data is in response" duration="50"/>
        <testCase name="Search page tests Mobile mode not on when window is normal size" duration="34"/>
        <testCase name="Search page tests Mobile mode active when window size is reduced" duration="37"/>
        <testCase name="Test searching without query Successful search - No query" duration="31"/>
        <testCase name="Test searching without query Successful search - No query" duration="50"/>
        <testCase name="Test searching with query Successful user search - with query" duration="57"/>
        <testCase name="Test searching with query Successful business search - with query" duration="203"/>
    </file>
</testExecutions>