<?xml version="1.0" encoding="UTF-8"?>
<testExecutions version="1">
    <file path="C:\Users\Jackie\Documents\University\SENG302\team-900\frontend\src\__tests__\Homepage.test.js">
        <testCase name="Homepage user tests User&apos;s first name is shown" duration="175"/>
        <testCase name="Homepage user tests Go to profile gets called when clicked" duration="34"/>
        <testCase name="Homepage user tests Go to marketplace is present" duration="25"/>
        <testCase name="Homepage business tests is a Vue instance" duration="17"/>
        <testCase name="Homepage business tests Business&apos;s name is shown" duration="28"/>
        <testCase name="Homepage business tests Go to business profile gets called when clicked" duration="55"/>
        <testCase name="Homepage business tests Go to business catalogue gets called when clicked" duration="54"/>
    </file>
    <file path="C:\Users\Jackie\Documents\University\SENG302\team-900\frontend\src\components\tests\Users.test.js">
        <testCase name="User profile page tests Check calculateDuration is called" duration="252"/>
        <testCase name="User profile page tests User info loads successfully" duration="46"/>
        <testCase name="User profile page tests addUserToBusiness function is called" duration="83"/>
        <testCase name="Business link tests with businesses Business names load successfully" duration="34"/>
        <testCase name="Business link tests with businesses goToBusinessPage function gets called" duration="30"/>
        <testCase name="Business link tests without businesses Business names don&apos;t appear" duration="31"/>
    </file>
    <file path="C:\Users\Jackie\Documents\University\SENG302\team-900\frontend\src\__tests__\ModifyCatalog.test.js">
        <testCase name="Component is a Vue instance" duration="189"/>
        <testCase name="Modify Catalogue form error checking Handles no product name modification" duration="71"/>
        <testCase name="Modify Catalogue form error checking Handles no product id modification" duration="44"/>
        <testCase name="Modify Catalogue form error checking Handles no manufacturer modification" duration="88"/>
        <testCase name="Modify Catalogue form error checking Handles no rrp modification" duration="35"/>
        <testCase name="Modify Catalogue form error checking Handles negative rrp modification" duration="36"/>
    </file>
    <file path="C:\Users\Jackie\Documents\University\SENG302\team-900\frontend\src\__tests__\AddToCatalogue.test.js">
        <testCase name="Component is a Vue instance" duration="122"/>
        <testCase name="Add To Catalogue form error checking Handles empty Register" duration="80"/>
        <testCase name="Add To Catalogue form error checking Handles no product name" duration="34"/>
        <testCase name="Add To Catalogue form error checking Handles no product id" duration="41"/>
        <testCase name="Add To Catalogue form error checking Handles no rrp" duration="39"/>
        <testCase name="Add To Catalogue form error checking Handles negative rrp" duration="28"/>
        <testCase name="Add To Catalogue form error checking Handles no manufacturer" duration="29"/>
    </file>
    <file path="C:\Users\Jackie\Documents\University\SENG302\team-900\frontend\src\__tests__\ModifyInventory.test.js">
        <testCase name="Component is a Vue instance" duration="87"/>
        <testCase name="Component Invalid ID error" duration="70"/>
        <testCase name="Component Invalid PricePerItem error" duration="40"/>
        <testCase name="Component No date error" duration="58"/>
        <testCase name="Component Bad price per item error" duration="54"/>
        <testCase name="Component Past best before date error" duration="62"/>
        <testCase name="Component Past list expiry date error" duration="54"/>
        <testCase name="Component Future manufacture date error" duration="38"/>
        <testCase name="Component Past sell by date error" duration="43"/>
    </file>
    <file path="C:\Users\Jackie\Documents\University\SENG302\team-900\frontend\src\__tests__\Business.test.js">
        <testCase name="Business tests is a Vue instance" duration="313"/>
        <testCase name="Business tests has business" duration="182"/>
        <testCase name="Successful login business page loads successfully" duration="89"/>
        <testCase name="Functionality tests Check session is called" duration="108"/>
        <testCase name="Functionality tests Check GET user info is called and sets data" duration="119"/>
        <testCase name="Functionality tests Check GET business is being called and sets data" duration="90"/>
    </file>
    <file path="C:\Users\Jackie\Documents\University\SENG302\team-900\frontend\src\__tests__\BusinessListings.test.js">
        <testCase name="Component is a Vue instance" duration="225"/>
        <testCase name="Component Listings data is not empty." duration="117"/>
        <testCase name="UI tests Table/grid view switch changes successfully" duration="217"/>
        <testCase name="UI tests Grid sort order switches successfully" duration="124"/>
        <testCase name="Functionality tests Sort direction switches successfully" duration="134"/>
        <testCase name="Functionality tests Currency is set properly" duration="107"/>
        <testCase name="Functionality tests Sort direction successfully changes" duration="195"/>
        <testCase name="Functionality tests Product image url is retrieved" duration="146"/>
    </file>
    <file path="C:\Users\Jackie\Documents\University\SENG302\team-900\frontend\src\__tests__\ProductCatalogue.test.js">
        <testCase name="Component is a Vue instance" duration="495"/>
        <testCase name="UI tests Correct number of grid cards is displayed" duration="185"/>
        <testCase name="UI tests uploadImage is called when new file uploaded" duration="185"/>
        <testCase name="Functionality tests Data is initialized and set properly." duration="209"/>
        <testCase name="Functionality tests Currency is set properly" duration="182"/>
        <testCase name="Functionality tests Product item image url is retrieved" duration="250"/>
    </file>
    <file path="C:\Users\Jackie\Documents\University\SENG302\team-900\frontend\src\__tests__\ActingAs.test.js">
        <testCase name="User acting as tests is a Vue instance" duration="24"/>
        <testCase name="User acting as tests Check username is shown" duration="26"/>
        <testCase name="User acting as tests Check username is displaying the correct username and role" duration="19"/>
        <testCase name="User acting as tests Check user primary businesses list is rendered" duration="16"/>
        <testCase name="User acting as tests Check selecting business in dropdown calls setActingAsBusinessId method" duration="20"/>
        <testCase name="User acting as tests Check selecting user calls setActingAsUser method" duration="16"/>
    </file>
    <file path="C:\Users\Jackie\Documents\University\SENG302\team-900\frontend\src\__tests__\CommunityMarketplace.test.js">
        <testCase name="Component is a Vue instance" duration="139"/>
        <testCase name="CommunityMarketplace toggle tests Grid view is shown at first" duration="84"/>
        <testCase name="CommunityMarketplace toggle tests Table view is shown when slider toggled" duration="178"/>
    </file>
    <file path="C:\Users\Jackie\Documents\University\SENG302\team-900\frontend\src\__tests__\Search.test.js">
        <testCase name="Search page tests Table exists when valid data is in response" duration="48"/>
        <testCase name="Search page tests Mobile mode not on when window is normal size" duration="44"/>
        <testCase name="Search page tests Mobile mode active when window size is reduced" duration="42"/>
    </file>
    <file path="C:\Users\Jackie\Documents\University\SENG302\team-900\frontend\src\__tests__\Login.test.js">
        <testCase name="Login error checking Handles empty login" duration="63"/>
        <testCase name="Login error checking Handles only email" duration="17"/>
        <testCase name="Login error checking Handles only password" duration="18"/>
        <testCase name="Login error checking Handles bad email" duration="23"/>
    </file>
    <file path="C:\Users\Jackie\Documents\University\SENG302\team-900\frontend\src\__tests__\BusinessAdministrators.test.js">
        <testCase name="Component is a Vue instance" duration="8"/>
        <testCase name="Component Props data loads correctly." duration="7"/>
        <testCase name="UI components render successfully Correct number of admin cards generate" duration="8"/>
        <testCase name="Checking method functions Router pushes" duration="9"/>
    </file>
    <file path="C:\Users\Jackie\Documents\University\SENG302\team-900\frontend\src\__tests__\AddToInventory.test.js">
        <testCase name="Component is a Vue instance" duration="99"/>
        <testCase name="Component Invalid ID error" duration="104"/>
        <testCase name="Component Invalid PricePerItem error" duration="95"/>
        <testCase name="Component No date error" duration="97"/>
        <testCase name="Component Bad price per item error" duration="74"/>
        <testCase name="Component Past best before date error" duration="59"/>
        <testCase name="Component Past list expiry date error" duration="56"/>
        <testCase name="Component Future manufacture date error" duration="54"/>
        <testCase name="Component Past sell by date error" duration="58"/>
        <testCase name="Component Autofill" duration="93"/>
    </file>
    <file path="C:\Users\Jackie\Documents\University\SENG302\team-900\frontend\src\__tests__\Register.test.js">
        <testCase name="Register error checking Handles empty register" duration="409"/>
        <testCase name="Register error checking Handles only email" duration="314"/>
        <testCase name="Register error checking Handles only password" duration="246"/>
        <testCase name="Register error checking Handles bad email" duration="360"/>
        <testCase name="Register error checking Handles large bio too large" duration="293"/>
        <testCase name="Method Checking Country is successfully set" duration="155"/>
        <testCase name="Method Checking City is successfully set" duration="140"/>
        <testCase name="Checking age validity Test empty date of birth" duration="103"/>
        <testCase name="Checking age validity Test successful age older than 13" duration="91"/>
        <testCase name="Checking age validity Test unsuccessful age younger than 13" duration="68"/>
        <testCase name="Checking age validity Test date of birth of now to be invalid" duration="52"/>
    </file>
    <file path="C:\Users\Jackie\Documents\University\SENG302\team-900\frontend\src\__tests__\RegisterBusiness.test.js">
        <testCase name="Business Register error checking Handles empty Register" duration="459"/>
        <testCase name="Business Register error checking Handles only name" duration="199"/>
        <testCase name="Business Register error checking Handles only a type" duration="210"/>
        <testCase name="Business Register error checking Handles old enough user" duration="226"/>
        <testCase name="Business Register user age checking Handles to young user" duration="225"/>
        <testCase name="Business registration method checking Country is successfully set" duration="135"/>
        <testCase name="Business registration method checking City is successfully set" duration="106"/>
        <testCase name="Checking valid age to register a business Test empty date of birth" duration="80"/>
        <testCase name="Checking valid age to register a business Test successful age older than 16" duration="88"/>
        <testCase name="Checking valid age to register a business Test unsuccessful age younger than 16" duration="81"/>
        <testCase name="Checking valid age to register a business Test date of birth of now to be invalid" duration="56"/>
        <testCase name="Check user sessions Not logged in (no userId in store)" duration="63"/>
    </file>
    <file path="C:\Users\Jackie\Documents\University\SENG302\team-900\frontend\src\__tests__\BusinessInventory.test.js">
        <testCase name="Component is a Vue instance" duration="610"/>
        <testCase name="New sale listing modal tests No changes to input fields - reject form" duration="449"/>
        <testCase name="New sale listing modal tests Invalid form with negative price" duration="527"/>
        <testCase name="New sale listing modal tests Invalid form with bad date" duration="313"/>
        <testCase name="New sale listing modal tests Successfully creates a new form" duration="205"/>
        <testCase name="New sale listing modal tests New Listing closes on button click" duration="189"/>
        <testCase name="New sale listing modal tests Form autocomplete calculates product attribute fields" duration="160"/>
    </file>
</testExecutions>