<?xml version="1.0" encoding="UTF-8"?>
<testExecutions version="1">
    <file path="/home/sam/Documents/seng302/team-900/frontend/src/__tests__/BusinessListings.test.js">
        <testCase name="Component is a Vue instance" duration="103"/>
        <testCase name="Component Listings data is not empty." duration="83"/>
        <testCase name="UI tests Table/grid view switch changes successfully" duration="148"/>
        <testCase name="UI tests Grid sort order switches successfully" duration="76"/>
        <testCase name="Functionality tests Sort direction switches successfully" duration="70"/>
        <testCase name="Functionality tests Currency is set properly" duration="56"/>
        <testCase name="Functionality tests Sort direction successfully changes" duration="115"/>
        <testCase name="Functionality tests Product image url is retrieved" duration="68"/>
    </file>
    <file path="/home/sam/Documents/seng302/team-900/frontend/src/__tests__/Users.test.js">
        <testCase name="User profile page tests Check calculateDuration is called" duration="82"/>
        <testCase name="User profile page tests User info loads successfully" duration="56"/>
        <testCase name="User profile page tests addUserToBusiness function is called" duration="77"/>
        <testCase name="User profile page tests Card modal successfully opens" duration="144"/>
        <testCase name="User profile page tests User cards is retrieved and set" duration="73"/>
        <testCase name="Business link tests with businesses Business names load successfully" duration="26"/>
        <testCase name="Business link tests with businesses goToBusinessPage function gets called" duration="26"/>
        <testCase name="Business link tests without businesses Business names don&apos;t appear" duration="37"/>
        <testCase name="User details tests Successful addition to business" duration="53"/>
        <testCase name="User details tests User already an admin" duration="24"/>
    </file>
    <file path="/home/sam/Documents/seng302/team-900/frontend/src/__tests__/MarketplaceAddCard.test.js">
        <testCase name="Component is a Vue instance" duration="108"/>
        <testCase name="Component No section error" duration="125"/>
        <testCase name="Component No title error" duration="61"/>
        <testCase name="Component Too long title error" duration="82"/>
        <testCase name="Component Card title is only spaces error" duration="63"/>
        <testCase name="Component Valid card" duration="59"/>
        <testCase name="Component Open modal" duration="63"/>
        <testCase name="Component Reset values" duration="103"/>
        <testCase name="Component Close modal after successful submission" duration="81"/>
        <testCase name="Card creation Succesful creation" duration="57"/>
    </file>
    <file path="/home/sam/Documents/seng302/team-900/frontend/src/__tests__/ProductCatalogue.test.js">
        <testCase name="Component is a Vue instance" duration="296"/>
        <testCase name="UI tests Correct number of grid cards is displayed" duration="137"/>
        <testCase name="UI tests uploadImage is called when new file uploaded" duration="126"/>
        <testCase name="Functionality tests Data is initialized and set properly." duration="179"/>
        <testCase name="Functionality tests Currency is set properly" duration="122"/>
        <testCase name="Functionality tests Product item image url is retrieved" duration="104"/>
    </file>
    <file path="/home/sam/Documents/seng302/team-900/frontend/src/__tests__/ModifyInventory.test.js">
        <testCase name="Component is a Vue instance" duration="63"/>
        <testCase name="Component Invalid ID error" duration="40"/>
        <testCase name="Component Invalid PricePerItem error" duration="61"/>
        <testCase name="Component No date error" duration="40"/>
        <testCase name="Component Negative price per item error" duration="32"/>
        <testCase name="Component Null total price error" duration="64"/>
        <testCase name="Component Negative total price error" duration="49"/>
        <testCase name="Component Negative quantity error" duration="45"/>
        <testCase name="Component Past best before date error" duration="52"/>
        <testCase name="Component Past list expiry date error" duration="47"/>
        <testCase name="Component Future manufacture date error" duration="55"/>
        <testCase name="Component Past sell by date error" duration="51"/>
        <testCase name="Component Best Before date is after expiry date error" duration="35"/>
        <testCase name="Component Best Before date is before expiry date success" duration="47"/>
        <testCase name="Component Successful check" duration="41"/>
        <testCase name="Get business products Success" duration="22"/>
        <testCase name="Get business products Failure" duration="23"/>
        <testCase name="Modify inventory tests Successful modify" duration="40"/>
        <testCase name="Modify inventory tests Unsuccessful with bad response" duration="24"/>
        <testCase name="Modify inventory tests Unsuccessful with forbidden response" duration="31"/>
        <testCase name="Autofill Autofill" duration="37"/>
    </file>
    <file path="/home/sam/Documents/seng302/team-900/frontend/src/__tests__/AddToInventory.test.js">
        <testCase name="Component is a Vue instance" duration="79"/>
        <testCase name="Component Invalid ID error" duration="50"/>
        <testCase name="Component Invalid PricePerItem error" duration="55"/>
        <testCase name="Component No date error" duration="47"/>
        <testCase name="Component Bad price per item error" duration="50"/>
        <testCase name="Component Total price is negative" duration="37"/>
        <testCase name="Component Total price is null" duration="49"/>
        <testCase name="Component Invalid quantity error" duration="48"/>
        <testCase name="Component Past best before date error" duration="49"/>
        <testCase name="Component Past list expiry date error" duration="47"/>
        <testCase name="Component Future manufacture date error" duration="75"/>
        <testCase name="Component Past sell by date error" duration="34"/>
        <testCase name="Component Best Before date is after expiry date error" duration="33"/>
        <testCase name="Component Best Before date is before expiry date success" duration="29"/>
        <testCase name="Component Successful inventory addition" duration="39"/>
        <testCase name="Component Modal opens and sets info correctly" duration="28"/>
        <testCase name="Component Product image url is retrieved" duration="32"/>
        <testCase name="Component Default image product url is retrieved" duration="19"/>
        <testCase name="Component Full product info modal appears when clicking image" duration="92"/>
    </file>
    <file path="/home/sam/Documents/seng302/team-900/frontend/src/__tests__/Modal.test.js">
        <testCase name="Modal emit is a Vue instance" duration="22"/>
        <testCase name="Modal emit Modal emits close event" duration="5"/>
    </file>
    <file path="/home/sam/Documents/seng302/team-900/frontend/src/__tests__/BusinessInventory.test.js">
        <testCase name="Component is a Vue instance" duration="260"/>
        <testCase name="New sale listing modal tests No changes to input fields - reject form" duration="135"/>
        <testCase name="New sale listing modal tests Invalid form with negative price" duration="137"/>
        <testCase name="New sale listing modal tests Invalid form with bad date" duration="139"/>
        <testCase name="New sale listing modal tests Successfully creates a new form" duration="133"/>
        <testCase name="New sale listing modal tests New Listing closes on button click" duration="128"/>
        <testCase name="New sale listing modal tests Form autocomplete calculates product attribute fields" duration="130"/>
    </file>
    <file path="/home/sam/Documents/seng302/team-900/frontend/src/__tests__/AddToCatalogue.test.js">
        <testCase name="Component is a Vue instance" duration="21"/>
        <testCase name="Add To Catalogue form error checking Handles empty Register" duration="44"/>
        <testCase name="Add To Catalogue form error checking Handles no product name" duration="21"/>
        <testCase name="Add To Catalogue form error checking Handles no product id" duration="19"/>
        <testCase name="Add To Catalogue form error checking Handles no rrp" duration="19"/>
        <testCase name="Add To Catalogue form error checking Handles negative rrp" duration="36"/>
        <testCase name="Add To Catalogue form error checking Handles no manufacturer" duration="23"/>
    </file>
    <file path="/home/sam/Documents/seng302/team-900/frontend/src/__tests__/Login.test.js">
        <testCase name="Login error checking Handles empty login" duration="36"/>
        <testCase name="Login error checking Handles only email" duration="41"/>
        <testCase name="Login error checking Handles only password" duration="20"/>
        <testCase name="Login error checking Handles bad email" duration="25"/>
        <testCase name="Logging in Successful login" duration="28"/>
        <testCase name="Logging in Unsuccessful login - Bad request" duration="17"/>
    </file>
    <file path="/home/sam/Documents/seng302/team-900/frontend/src/__tests__/ActingAs.test.js">
        <testCase name="User acting as tests is a Vue instance" duration="11"/>
        <testCase name="User acting as tests Check username is shown" duration="9"/>
        <testCase name="User acting as tests Check username is displaying the correct username and role" duration="8"/>
        <testCase name="User acting as tests Check user primary businesses list is rendered" duration="7"/>
        <testCase name="User acting as tests Check selecting business in dropdown calls setActingAsBusinessId method" duration="8"/>
        <testCase name="User acting as tests Check selecting user calls setActingAsUser method" duration="8"/>
    </file>
    <file path="/home/sam/Documents/seng302/team-900/frontend/src/__tests__/CommunityMarketplace.test.js">
        <testCase name="Component is a Vue instance" duration="315"/>
        <testCase name="CommunityMarketplace toggle tests Grid view is shown at first" duration="188"/>
        <testCase name="CommunityMarketplace toggle tests Table view is shown when slider toggled" duration="270"/>
        <testCase name="Method tests Cards is successfully set." duration="201"/>
        <testCase name="Method tests Switching tab to Wanted" duration="154"/>
        <testCase name="Method tests Switching tab to Exchange" duration="216"/>
        <testCase name="Method tests Switching tab to non-existing tab" duration="155"/>
    </file>
    <file path="/home/sam/Documents/seng302/team-900/frontend/src/__tests__/Search.test.js">
        <testCase name="Search page tests Table exists when valid data is in response" duration="37"/>
        <testCase name="Search page tests Mobile mode not on when window is normal size" duration="28"/>
        <testCase name="Search page tests Mobile mode active when window size is reduced" duration="38"/>
        <testCase name="Test searching without query Successful search - No query" duration="22"/>
        <testCase name="Test searching without query Successful search - No query" duration="26"/>
        <testCase name="Test searching with query Successful user search - with query" duration="28"/>
        <testCase name="Test searching with query Successful business search - with query" duration="103"/>
    </file>
    <file path="/home/sam/Documents/seng302/team-900/frontend/src/__tests__/Business.test.js">
        <testCase name="Business tests is a Vue instance" duration="203"/>
        <testCase name="Business tests has business" duration="61"/>
        <testCase name="Successful login business page loads successfully" duration="61"/>
        <testCase name="Functionality tests Check session is called" duration="62"/>
        <testCase name="Functionality tests Check GET user info is called and sets data" duration="49"/>
        <testCase name="Functionality tests Check GET business is being called and sets data" duration="55"/>
    </file>
    <file path="/home/sam/Documents/seng302/team-900/frontend/src/__tests__/BusinessAdministrators.test.js">
        <testCase name="Component is a Vue instance" duration="8"/>
        <testCase name="Component Props data loads correctly." duration="4"/>
        <testCase name="UI components render successfully Correct number of admin cards generate" duration="5"/>
        <testCase name="Checking method functions Router pushes" duration="4"/>
    </file>
    <file path="/home/sam/Documents/seng302/team-900/frontend/src/__tests__/RegisterBusiness.test.js">
        <testCase name="Business Register error checking Handles empty Register" duration="258"/>
        <testCase name="Business Register error checking Handles only name" duration="139"/>
        <testCase name="Business Register error checking Handles only a type" duration="127"/>
        <testCase name="Business Register error checking Handles old enough user" duration="130"/>
        <testCase name="Business Register user age checking Handles to young user" duration="165"/>
        <testCase name="Business registration method checking Country is successfully set" duration="88"/>
        <testCase name="Business registration method checking City is successfully set" duration="85"/>
        <testCase name="Checking valid age to register a business Test empty date of birth" duration="60"/>
        <testCase name="Checking valid age to register a business Test successful age older than 16" duration="70"/>
        <testCase name="Checking valid age to register a business Test unsuccessful age younger than 16" duration="57"/>
        <testCase name="Checking valid age to register a business Test date of birth of now to be invalid" duration="86"/>
        <testCase name="Check user sessions Not logged in (no userId in store)" duration="93"/>
        <testCase name="Creating business Successful" duration="100"/>
        <testCase name="Creating business Unsuccessful" duration="57"/>
        <testCase name="Get user info Successful" duration="60"/>
    </file>
    <file path="/home/sam/Documents/seng302/team-900/frontend/src/__tests__/ModifyCatalog.test.js">
        <testCase name="Component is a Vue instance" duration="117"/>
        <testCase name="Modify Catalogue form error checking Handles no product name modification" duration="24"/>
        <testCase name="Modify Catalogue form error checking Handles no product id modification" duration="41"/>
        <testCase name="Modify Catalogue form error checking Handles no manufacturer modification" duration="39"/>
        <testCase name="Modify Catalogue form error checking Handles no rrp modification" duration="45"/>
        <testCase name="Modify Catalogue form error checking Handles negative rrp modification" duration="18"/>
    </file>
    <file path="/home/sam/Documents/seng302/team-900/frontend/src/__tests__/Register.test.js">
        <testCase name="Register error checking Handles empty register" duration="266"/>
        <testCase name="Register error checking Handles only email" duration="179"/>
        <testCase name="Register error checking Handles only password" duration="178"/>
        <testCase name="Register error checking Handles bad email" duration="222"/>
        <testCase name="Register error checking Handles large bio too large" duration="155"/>
        <testCase name="Method Checking Country is successfully set" duration="123"/>
        <testCase name="Method Checking City is successfully set" duration="133"/>
        <testCase name="Checking age validity Test empty date of birth" duration="112"/>
        <testCase name="Checking age validity Test successful age older than 13" duration="86"/>
        <testCase name="Checking age validity Test unsuccessful age younger than 13" duration="90"/>
        <testCase name="Checking age validity Test date of birth of now to be invalid" duration="72"/>
    </file>
    <file path="/home/sam/Documents/seng302/team-900/frontend/src/__tests__/Homepage.test.js">
        <testCase name="Homepage user tests User&apos;s first name is shown" duration="19"/>
        <testCase name="Homepage user tests Go to profile gets called when clicked" duration="13"/>
        <testCase name="Homepage user tests Go to marketplace is present" duration="11"/>
        <testCase name="Homepage user tests Card modal successfully opens" duration="62"/>
        <testCase name="Homepage user tests User&apos;s cards are retrieved and set" duration="41"/>
        <testCase name="Homepage business tests is a Vue instance" duration="55"/>
        <testCase name="Homepage business tests Business&apos;s name is shown" duration="19"/>
        <testCase name="Homepage business tests Go to business profile gets called when clicked" duration="29"/>
        <testCase name="Homepage business tests Go to business catalogue gets called when clicked" duration="6"/>
        <testCase name="Tests for functionality Get user ID test successfully" duration="8"/>
        <testCase name="Tests for functionality Get user ID while logged out" duration="12"/>
    </file>
    <file path="/home/sam/Documents/seng302/team-900/frontend/src/__tests__/CardModal.test.js">
        <testCase name="Card modal functionality is a Vue instance" duration="66"/>
        <testCase name="Card modal functionality Reset state correctly resets values" duration="41"/>
        <testCase name="Card modal functionality Open modal correctly updates showing value" duration="168"/>
        <testCase name="Card modal functionality Open modal calls resetState" duration="32"/>
        <testCase name="Card modal UI is a Vue instance" duration="23"/>
        <testCase name="Card modal UI Message button opens message box" duration="39"/>
        <testCase name="Card modal UI User is not the owner - successfully shows message button" duration="40"/>
        <testCase name="Card modal UI User is card owner - successfully shows edit button" duration="28"/>
        <testCase name="Card modal UI Prefills are set" duration="79"/>
        <testCase name="Card editing Edited card title is too long" duration="24"/>
        <testCase name="Card editing Edited card title is too short" duration="19"/>
        <testCase name="Card editing Edited card title is invalid" duration="40"/>
        <testCase name="Card editing Edited card title is of valid length" duration="18"/>
        <testCase name="Card editing Edited card has missing section" duration="16"/>
        <testCase name="Card editing Edited card has valid section" duration="39"/>
        <testCase name="Card editing Card edit is invalid - bad title" duration="19"/>
        <testCase name="Card editing Card edit is invalid - bad section" duration="17"/>
        <testCase name="Card editing Card edit is valid" duration="28"/>
        <testCase name="Card editing Card edit success saves, then user is notified" duration="12"/>
        <testCase name="Card editing Card edit success fails, then user is notified" duration="12"/>
        <testCase name="Messaging is a Vue instance" duration="12"/>
        <testCase name="Messaging Message box shows with input" duration="19"/>
        <testCase name="Messaging Message is checked after send" duration="36"/>
        <testCase name="Messaging User is card owner - successfully shows delete button" duration="30"/>
        <testCase name="Messaging After sent success, Message clears and user is notified" duration="14"/>
        <testCase name="Messaging On null recipient, User is notified and message is not cleared" duration="14"/>
        <testCase name="Messaging On blank message, User is notified" duration="13"/>
    </file>
</testExecutions>