<?xml version="1.0" encoding="UTF-8"?>
<testExecutions version="1">
    <file path="/home/sam/Documents/seng302/team-900/frontend/src/__tests__/Homepage.test.js">
        <testCase name="Homepage user tests User&apos;s first name is shown" duration="156"/>
        <testCase name="Homepage user tests Go to profile gets called when clicked" duration="18"/>
        <testCase name="Homepage user tests Go to marketplace is present" duration="15"/>
        <testCase name="Homepage business tests is a Vue instance" duration="12"/>
        <testCase name="Homepage business tests Business&apos;s name is shown" duration="12"/>
        <testCase name="Homepage business tests Go to business profile gets called when clicked" duration="31"/>
        <testCase name="Homepage business tests Go to business catalogue gets called when clicked" duration="30"/>
    </file>
    <file path="/home/sam/Documents/seng302/team-900/frontend/src/__tests__/ModifyCatalog.test.js">
        <testCase name="Component is a Vue instance" duration="132"/>
        <testCase name="Modify Catalogue form error checking Handles no product name modification" duration="45"/>
        <testCase name="Modify Catalogue form error checking Handles no product id modification" duration="91"/>
        <testCase name="Modify Catalogue form error checking Handles no manufacturer modification" duration="60"/>
        <testCase name="Modify Catalogue form error checking Handles no rrp modification" duration="48"/>
        <testCase name="Modify Catalogue form error checking Handles negative rrp modification" duration="19"/>
    </file>
    <file path="/home/sam/Documents/seng302/team-900/frontend/src/__tests__/AddToInventory.test.js">
        <testCase name="Component is a Vue instance" duration="53"/>
        <testCase name="Component Invalid ID error" duration="70"/>
        <testCase name="Component Invalid PricePerItem error" duration="104"/>
        <testCase name="Component No date error" duration="94"/>
        <testCase name="Component Bad price per item error" duration="53"/>
        <testCase name="Component Past best before date error" duration="68"/>
        <testCase name="Component Past list expiry date error" duration="62"/>
        <testCase name="Component Future manufacture date error" duration="69"/>
        <testCase name="Component Past sell by date error" duration="71"/>
        <testCase name="Component Autofill" duration="68"/>
        <testCase name="Component Successful inventory addition" duration="45"/>
        <testCase name="Component Successful retrieval of products" duration="54"/>
    </file>
    <file path="/home/sam/Documents/seng302/team-900/frontend/src/__tests__/ModifyInventory.test.js">
        <testCase name="Component is a Vue instance" duration="48"/>
        <testCase name="Component Invalid ID error" duration="61"/>
        <testCase name="Component Invalid PricePerItem error" duration="102"/>
        <testCase name="Component No date error" duration="57"/>
        <testCase name="Component Bad price per item error" duration="31"/>
        <testCase name="Component Past best before date error" duration="28"/>
        <testCase name="Component Past list expiry date error" duration="42"/>
        <testCase name="Component Future manufacture date error" duration="37"/>
        <testCase name="Component Past sell by date error" duration="26"/>
        <testCase name="Component Successful check" duration="41"/>
        <testCase name="Get business products Success" duration="41"/>
        <testCase name="Get business products Failure" duration="56"/>
        <testCase name="Modify inventory tests Successful modify" duration="55"/>
        <testCase name="Modify inventory tests Unsuccessful with bad response" duration="34"/>
        <testCase name="Modify inventory tests Unsuccessful with forbidden response" duration="65"/>
        <testCase name="Autofill Autofill" duration="38"/>
    </file>
    <file path="/home/sam/Documents/seng302/team-900/frontend/src/__tests__/BusinessListings.test.js">
        <testCase name="Component is a Vue instance" duration="182"/>
        <testCase name="Component Listings data is not empty." duration="140"/>
        <testCase name="UI tests Table/grid view switch changes successfully" duration="218"/>
        <testCase name="UI tests Grid sort order switches successfully" duration="161"/>
        <testCase name="Functionality tests Sort direction switches successfully" duration="170"/>
        <testCase name="Functionality tests Currency is set properly" duration="58"/>
        <testCase name="Functionality tests Sort direction successfully changes" duration="64"/>
        <testCase name="Functionality tests Product image url is retrieved" duration="91"/>
    </file>
    <file path="/home/sam/Documents/seng302/team-900/frontend/src/__tests__/Users.test.js">
        <testCase name="User profile page tests Check calculateDuration is called" duration="185"/>
        <testCase name="User profile page tests User info loads successfully" duration="48"/>
        <testCase name="User profile page tests addUserToBusiness function is called" duration="50"/>
        <testCase name="Business link tests with businesses Business names load successfully" duration="29"/>
        <testCase name="Business link tests with businesses goToBusinessPage function gets called" duration="38"/>
        <testCase name="Business link tests without businesses Business names don&apos;t appear" duration="75"/>
        <testCase name="User details tests Successful addition to business" duration="87"/>
        <testCase name="User details tests User already an admin" duration="54"/>
    </file>
    <file path="/home/sam/Documents/seng302/team-900/frontend/src/__tests__/AddToCatalogue.test.js">
        <testCase name="Component is a Vue instance" duration="20"/>
        <testCase name="Add To Catalogue form error checking Handles empty Register" duration="35"/>
        <testCase name="Add To Catalogue form error checking Handles no product name" duration="40"/>
        <testCase name="Add To Catalogue form error checking Handles no product id" duration="25"/>
        <testCase name="Add To Catalogue form error checking Handles no rrp" duration="23"/>
        <testCase name="Add To Catalogue form error checking Handles negative rrp" duration="33"/>
        <testCase name="Add To Catalogue form error checking Handles no manufacturer" duration="19"/>
    </file>
    <file path="/home/sam/Documents/seng302/team-900/frontend/src/__tests__/CardModal.test.js">
        <testCase name="Card modal functionality is a Vue instance" duration="44"/>
        <testCase name="Card modal functionality Reset state correctly resets values" duration="28"/>
        <testCase name="Card modal functionality Open modal correctly updates showing value" duration="28"/>
        <testCase name="Card modal functionality Open modal calls resetState" duration="40"/>
        <testCase name="Card modal UI is a Vue instance" duration="23"/>
        <testCase name="Card modal UI Message button opens message box" duration="88"/>
    </file>
    <file path="/home/sam/Documents/seng302/team-900/frontend/src/__tests__/ProductCatalogue.test.js">
        <testCase name="Component is a Vue instance" duration="485"/>
        <testCase name="UI tests Correct number of grid cards is displayed" duration="159"/>
        <testCase name="UI tests uploadImage is called when new file uploaded" duration="161"/>
        <testCase name="Functionality tests Data is initialized and set properly." duration="250"/>
        <testCase name="Functionality tests Currency is set properly" duration="122"/>
        <testCase name="Functionality tests Product item image url is retrieved" duration="121"/>
    </file>
    <file path="/home/sam/Documents/seng302/team-900/frontend/src/__tests__/ActingAs.test.js">
        <testCase name="User acting as tests is a Vue instance" duration="10"/>
        <testCase name="User acting as tests Check username is shown" duration="9"/>
        <testCase name="User acting as tests Check username is displaying the correct username and role" duration="7"/>
        <testCase name="User acting as tests Check user primary businesses list is rendered" duration="7"/>
        <testCase name="User acting as tests Check selecting business in dropdown calls setActingAsBusinessId method" duration="8"/>
        <testCase name="User acting as tests Check selecting user calls setActingAsUser method" duration="8"/>
    </file>
    <file path="/home/sam/Documents/seng302/team-900/frontend/src/__tests__/Login.test.js">
        <testCase name="Login error checking Handles empty login" duration="18"/>
        <testCase name="Login error checking Handles only email" duration="11"/>
        <testCase name="Login error checking Handles only password" duration="9"/>
        <testCase name="Login error checking Handles bad email" duration="9"/>
        <testCase name="Logging in Successful login" duration="8"/>
        <testCase name="Logging in Unsuccessful login - Bad request" duration="9"/>
    </file>
    <file path="/home/sam/Documents/seng302/team-900/frontend/src/__tests__/Business.test.js">
        <testCase name="Business tests is a Vue instance" duration="200"/>
        <testCase name="Business tests has business" duration="77"/>
        <testCase name="Successful login business page loads successfully" duration="96"/>
        <testCase name="Functionality tests Check session is called" duration="98"/>
        <testCase name="Functionality tests Check GET user info is called and sets data" duration="55"/>
        <testCase name="Functionality tests Check GET business is being called and sets data" duration="53"/>
    </file>
    <file path="/home/sam/Documents/seng302/team-900/frontend/src/__tests__/BusinessAdministrators.test.js">
        <testCase name="Component is a Vue instance" duration="7"/>
        <testCase name="Component Props data loads correctly." duration="5"/>
        <testCase name="UI components render successfully Correct number of admin cards generate" duration="20"/>
        <testCase name="Checking method functions Router pushes" duration="4"/>
    </file>
    <file path="/home/sam/Documents/seng302/team-900/frontend/src/__tests__/Search.test.js">
        <testCase name="Search page tests Table exists when valid data is in response" duration="31"/>
        <testCase name="Search page tests Mobile mode not on when window is normal size" duration="25"/>
        <testCase name="Search page tests Mobile mode active when window size is reduced" duration="18"/>
    </file>
    <file path="/home/sam/Documents/seng302/team-900/frontend/src/__tests__/MarketplaceAddCard.test.js">
        <testCase name="Component is a Vue instance" duration="102"/>
        <testCase name="Component No section error" duration="94"/>
        <testCase name="Component No title error" duration="57"/>
        <testCase name="Component To long title error" duration="94"/>
        <testCase name="Component Valid card" duration="56"/>
        <testCase name="Component Open modal" duration="57"/>
        <testCase name="Component Reset values" duration="58"/>
        <testCase name="Component Close modal after successful submission" duration="50"/>
        <testCase name="Card creation Succesful creation" duration="56"/>
    </file>
    <file path="/home/sam/Documents/seng302/team-900/frontend/src/__tests__/RegisterBusiness.test.js">
        <testCase name="Business Register error checking Handles empty Register" duration="298"/>
        <testCase name="Business Register error checking Handles only name" duration="122"/>
        <testCase name="Business Register error checking Handles only a type" duration="201"/>
        <testCase name="Business Register error checking Handles old enough user" duration="302"/>
        <testCase name="Business Register user age checking Handles to young user" duration="121"/>
        <testCase name="Business registration method checking Country is successfully set" duration="140"/>
        <testCase name="Business registration method checking City is successfully set" duration="127"/>
        <testCase name="Checking valid age to register a business Test empty date of birth" duration="63"/>
        <testCase name="Checking valid age to register a business Test successful age older than 16" duration="67"/>
        <testCase name="Checking valid age to register a business Test unsuccessful age younger than 16" duration="73"/>
        <testCase name="Checking valid age to register a business Test date of birth of now to be invalid" duration="66"/>
        <testCase name="Check user sessions Not logged in (no userId in store)" duration="63"/>
        <testCase name="Creating business Successful" duration="63"/>
        <testCase name="Creating business Unsuccessful" duration="63"/>
        <testCase name="Get user info Successful" duration="37"/>
    </file>
    <file path="/home/sam/Documents/seng302/team-900/frontend/src/__tests__/Register.test.js">
        <testCase name="Register error checking Handles empty register" duration="360"/>
        <testCase name="Register error checking Handles only email" duration="424"/>
        <testCase name="Register error checking Handles only password" duration="265"/>
        <testCase name="Register error checking Handles bad email" duration="184"/>
        <testCase name="Register error checking Handles large bio too large" duration="174"/>
        <testCase name="Method Checking Country is successfully set" duration="106"/>
        <testCase name="Method Checking City is successfully set" duration="93"/>
        <testCase name="Checking age validity Test empty date of birth" duration="61"/>
        <testCase name="Checking age validity Test successful age older than 13" duration="50"/>
        <testCase name="Checking age validity Test unsuccessful age younger than 13" duration="45"/>
        <testCase name="Checking age validity Test date of birth of now to be invalid" duration="51"/>
    </file>
    <file path="/home/sam/Documents/seng302/team-900/frontend/src/__tests__/CommunityMarketplace.test.js">
        <testCase name="Component is a Vue instance" duration="286"/>
        <testCase name="CommunityMarketplace toggle tests Grid view is shown at first" duration="205"/>
        <testCase name="CommunityMarketplace toggle tests Table view is shown when slider toggled" duration="296"/>
        <testCase name="Method tests Cards is successfully set." duration="234"/>
        <testCase name="Method tests Switching tab to Wanted" duration="185"/>
        <testCase name="Method tests Switching tab to Exchange" duration="162"/>
        <testCase name="Method tests Switching tab to non-existing tab" duration="106"/>
    </file>
    <file path="/home/sam/Documents/seng302/team-900/frontend/src/__tests__/BusinessInventory.test.js">
        <testCase name="Component is a Vue instance" duration="531"/>
        <testCase name="New sale listing modal tests No changes to input fields - reject form" duration="341"/>
        <testCase name="New sale listing modal tests Invalid form with negative price" duration="350"/>
        <testCase name="New sale listing modal tests Invalid form with bad date" duration="189"/>
        <testCase name="New sale listing modal tests Successfully creates a new form" duration="185"/>
        <testCase name="New sale listing modal tests New Listing closes on button click" duration="107"/>
        <testCase name="New sale listing modal tests Form autocomplete calculates product attribute fields" duration="113"/>
    </file>
</testExecutions>