<?xml version="1.0" encoding="UTF-8"?>
<testExecutions version="1">
    <file path="/home/sam/Documents/seng302/team-900/frontend/src/__tests__/Search.test.js">
        <testCase name="Search page tests Table exists when valid data is in response" duration="77"/>
        <testCase name="Search page tests Mobile mode not on when window is normal size" duration="53"/>
        <testCase name="Search page tests Mobile mode active when window size is reduced" duration="31"/>
        <testCase name="Test searching without query Successful search - No query" duration="33"/>
        <testCase name="Test searching without query Successful search - No query" duration="50"/>
        <testCase name="Test searching with query Successful user search - with query" duration="38"/>
        <testCase name="Test searching with query Successful business search - with query" duration="150"/>
    </file>
    <file path="/home/sam/Documents/seng302/team-900/frontend/src/__tests__/BusinessListings.test.js">
        <testCase name="Component is a Vue instance" duration="129"/>
        <testCase name="Component Listings data is not empty." duration="91"/>
        <testCase name="UI tests Table/grid view switch changes successfully" duration="143"/>
        <testCase name="UI tests Grid sort order switches successfully" duration="95"/>
        <testCase name="Functionality tests Sort direction switches successfully" duration="82"/>
        <testCase name="Functionality tests Currency is set properly" duration="80"/>
        <testCase name="Functionality tests Sort direction successfully changes" duration="70"/>
        <testCase name="Functionality tests Product image url is retrieved" duration="146"/>
    </file>
    <file path="/home/sam/Documents/seng302/team-900/frontend/src/__tests__/ModifyInventory.test.js">
        <testCase name="Component is a Vue instance" duration="57"/>
        <testCase name="Component Invalid ID error" duration="53"/>
        <testCase name="Component Invalid PricePerItem error" duration="30"/>
        <testCase name="Component No date error" duration="45"/>
        <testCase name="Component Bad price per item error" duration="53"/>
        <testCase name="Component Past best before date error" duration="57"/>
        <testCase name="Component Past list expiry date error" duration="47"/>
        <testCase name="Component Future manufacture date error" duration="32"/>
        <testCase name="Component Past sell by date error" duration="75"/>
        <testCase name="Component Successful check" duration="47"/>
        <testCase name="Get business products Success" duration="46"/>
        <testCase name="Get business products Failure" duration="28"/>
        <testCase name="Modify inventory tests Successful modify" duration="49"/>
        <testCase name="Modify inventory tests Unsuccessful with bad response" duration="40"/>
        <testCase name="Modify inventory tests Unsuccessful with forbidden response" duration="70"/>
        <testCase name="Autofill Autofill" duration="45"/>
    </file>
    <file path="/home/sam/Documents/seng302/team-900/frontend/src/__tests__/AddToInventory.test.js">
        <testCase name="Component is a Vue instance" duration="98"/>
        <testCase name="Component Invalid ID error" duration="60"/>
        <testCase name="Component Invalid PricePerItem error" duration="71"/>
        <testCase name="Component No date error" duration="73"/>
        <testCase name="Component Bad price per item error" duration="54"/>
        <testCase name="Component Past best before date error" duration="50"/>
        <testCase name="Component Past list expiry date error" duration="58"/>
        <testCase name="Component Future manufacture date error" duration="60"/>
        <testCase name="Component Past sell by date error" duration="63"/>
        <testCase name="Component Successful inventory addition" duration="69"/>
        <testCase name="Component Modal opens and sets info correctly" duration="75"/>
        <testCase name="Component Product image url is retrieved" duration="40"/>
        <testCase name="Component Default image product url is retrieved" duration="58"/>
        <testCase name="Component Full product info modal appears when clicking image" duration="80"/>
    </file>
    <file path="/home/sam/Documents/seng302/team-900/frontend/src/__tests__/ProductCatalogue.test.js">
        <testCase name="Component is a Vue instance" duration="380"/>
        <testCase name="UI tests Correct number of grid cards is displayed" duration="156"/>
        <testCase name="UI tests uploadImage is called when new file uploaded" duration="141"/>
        <testCase name="Functionality tests Data is initialized and set properly." duration="242"/>
        <testCase name="Functionality tests Currency is set properly" duration="149"/>
        <testCase name="Functionality tests Product item image url is retrieved" duration="138"/>
    </file>
    <file path="/home/sam/Documents/seng302/team-900/frontend/src/__tests__/Users.test.js">
        <testCase name="User profile page tests Check calculateDuration is called" duration="155"/>
        <testCase name="User profile page tests User info loads successfully" duration="66"/>
        <testCase name="User profile page tests addUserToBusiness function is called" duration="97"/>
        <testCase name="User profile page tests Card modal successfully opens" duration="159"/>
        <testCase name="User profile page tests User cards is retrieved and set" duration="80"/>
        <testCase name="Business link tests with businesses Business names load successfully" duration="74"/>
        <testCase name="Business link tests with businesses goToBusinessPage function gets called" duration="32"/>
        <testCase name="Business link tests without businesses Business names don&apos;t appear" duration="47"/>
        <testCase name="User details tests Successful addition to business" duration="58"/>
        <testCase name="User details tests User already an admin" duration="29"/>
    </file>
    <file path="/home/sam/Documents/seng302/team-900/frontend/src/__tests__/Login.test.js">
        <testCase name="Login error checking Handles empty login" duration="65"/>
        <testCase name="Login error checking Handles only email" duration="33"/>
        <testCase name="Login error checking Handles only password" duration="29"/>
        <testCase name="Login error checking Handles bad email" duration="29"/>
        <testCase name="Logging in Successful login" duration="64"/>
        <testCase name="Logging in Unsuccessful login - Bad request" duration="21"/>
    </file>
    <file path="/home/sam/Documents/seng302/team-900/frontend/src/__tests__/ModifyCatalog.test.js">
        <testCase name="Component is a Vue instance" duration="142"/>
        <testCase name="Modify Catalogue form error checking Handles no product name modification" duration="25"/>
        <testCase name="Modify Catalogue form error checking Handles no product id modification" duration="21"/>
        <testCase name="Modify Catalogue form error checking Handles no manufacturer modification" duration="19"/>
        <testCase name="Modify Catalogue form error checking Handles no rrp modification" duration="32"/>
        <testCase name="Modify Catalogue form error checking Handles negative rrp modification" duration="20"/>
    </file>
    <file path="/home/sam/Documents/seng302/team-900/frontend/src/__tests__/Business.test.js">
        <testCase name="Business tests is a Vue instance" duration="181"/>
        <testCase name="Business tests has business" duration="77"/>
        <testCase name="Successful login business page loads successfully" duration="77"/>
        <testCase name="Functionality tests Check session is called" duration="86"/>
        <testCase name="Functionality tests Check GET user info is called and sets data" duration="70"/>
        <testCase name="Functionality tests Check GET business is being called and sets data" duration="63"/>
    </file>
    <file path="/home/sam/Documents/seng302/team-900/frontend/src/__tests__/Register.test.js">
        <testCase name="Register error checking Handles empty register" duration="274"/>
        <testCase name="Register error checking Handles only email" duration="221"/>
        <testCase name="Register error checking Handles only password" duration="290"/>
        <testCase name="Register error checking Handles bad email" duration="220"/>
        <testCase name="Register error checking Handles large bio too large" duration="181"/>
        <testCase name="Method Checking Country is successfully set" duration="145"/>
        <testCase name="Method Checking City is successfully set" duration="174"/>
        <testCase name="Checking age validity Test empty date of birth" duration="131"/>
        <testCase name="Checking age validity Test successful age older than 13" duration="111"/>
        <testCase name="Checking age validity Test unsuccessful age younger than 13" duration="79"/>
        <testCase name="Checking age validity Test date of birth of now to be invalid" duration="92"/>
    </file>
    <file path="/home/sam/Documents/seng302/team-900/frontend/src/__tests__/MarketplaceAddCard.test.js">
        <testCase name="Component is a Vue instance" duration="114"/>
        <testCase name="Component No section error" duration="92"/>
        <testCase name="Component No title error" duration="81"/>
        <testCase name="Component To long title error" duration="89"/>
        <testCase name="Component Valid card" duration="76"/>
        <testCase name="Component Open modal" duration="79"/>
        <testCase name="Component Reset values" duration="97"/>
        <testCase name="Component Close modal after successful submission" duration="113"/>
        <testCase name="Card creation Succesful creation" duration="100"/>
    </file>
    <file path="/home/sam/Documents/seng302/team-900/frontend/src/__tests__/Homepage.test.js">
        <testCase name="Homepage user tests User&apos;s first name is shown" duration="33"/>
        <testCase name="Homepage user tests Go to profile gets called when clicked" duration="37"/>
        <testCase name="Homepage user tests Go to marketplace is present" duration="18"/>
        <testCase name="Homepage user tests Card modal successfully opens" duration="37"/>
        <testCase name="Homepage user tests User&apos;s cards are retrieved and set" duration="26"/>
        <testCase name="Homepage business tests is a Vue instance" duration="18"/>
        <testCase name="Homepage business tests Business&apos;s name is shown" duration="25"/>
        <testCase name="Homepage business tests Go to business profile gets called when clicked" duration="10"/>
        <testCase name="Homepage business tests Go to business catalogue gets called when clicked" duration="14"/>
        <testCase name="Tests for functionality Get user ID test successfully" duration="14"/>
        <testCase name="Tests for functionality Get user ID while logged out" duration="16"/>
    </file>
    <file path="/home/sam/Documents/seng302/team-900/frontend/src/__tests__/CommunityMarketplace.test.js">
        <testCase name="Component is a Vue instance" duration="331"/>
        <testCase name="CommunityMarketplace toggle tests Grid view is shown at first" duration="209"/>
        <testCase name="CommunityMarketplace toggle tests Table view is shown when slider toggled" duration="334"/>
        <testCase name="Method tests Cards is successfully set." duration="330"/>
        <testCase name="Method tests Switching tab to Wanted" duration="279"/>
        <testCase name="Method tests Switching tab to Exchange" duration="286"/>
        <testCase name="Method tests Switching tab to non-existing tab" duration="238"/>
    </file>
    <file path="/home/sam/Documents/seng302/team-900/frontend/src/__tests__/BusinessInventory.test.js">
        <testCase name="Component is a Vue instance" duration="392"/>
        <testCase name="New sale listing modal tests No changes to input fields - reject form" duration="216"/>
        <testCase name="New sale listing modal tests Invalid form with negative price" duration="233"/>
        <testCase name="New sale listing modal tests Invalid form with bad date" duration="233"/>
        <testCase name="New sale listing modal tests Successfully creates a new form" duration="228"/>
        <testCase name="New sale listing modal tests New Listing closes on button click" duration="341"/>
        <testCase name="New sale listing modal tests Form autocomplete calculates product attribute fields" duration="260"/>
    </file>
    <file path="/home/sam/Documents/seng302/team-900/frontend/src/__tests__/CardModal.test.js">
        <testCase name="Card modal functionality is a Vue instance" duration="96"/>
        <testCase name="Card modal functionality Reset state correctly resets values" duration="48"/>
        <testCase name="Card modal functionality Open modal correctly updates showing value" duration="195"/>
        <testCase name="Card modal functionality Open modal calls resetState" duration="39"/>
        <testCase name="Card modal UI is a Vue instance" duration="55"/>
        <testCase name="Card modal UI Message button opens message box" duration="61"/>
        <testCase name="Card modal UI User is not the owner - successfully shows message button" duration="34"/>
        <testCase name="Card modal UI User is card owner - successfully shows edit button" duration="43"/>
        <testCase name="Messaging is a Vue instance" duration="27"/>
        <testCase name="Messaging Message box shows with input" duration="69"/>
        <testCase name="Messaging Message is checked after send" duration="93"/>
        <testCase name="Messaging After sent success, Message clears and user is notified" duration="33"/>
        <testCase name="Messaging On null recipient, User is notified and message is not cleared" duration="29"/>
        <testCase name="Messaging On blank message, User is notified" duration="34"/>
        <testCase name="Messaging On Long message, User is notified" duration="27"/>
        <testCase name="Messaging On null card, User is notified" duration="37"/>
    </file>
    <file path="/home/sam/Documents/seng302/team-900/frontend/src/__tests__/AddToCatalogue.test.js">
        <testCase name="Component is a Vue instance" duration="112"/>
        <testCase name="Add To Catalogue form error checking Handles empty Register" duration="42"/>
        <testCase name="Add To Catalogue form error checking Handles no product name" duration="27"/>
        <testCase name="Add To Catalogue form error checking Handles no product id" duration="34"/>
        <testCase name="Add To Catalogue form error checking Handles no rrp" duration="39"/>
        <testCase name="Add To Catalogue form error checking Handles negative rrp" duration="61"/>
        <testCase name="Add To Catalogue form error checking Handles no manufacturer" duration="127"/>
    </file>
    <file path="/home/sam/Documents/seng302/team-900/frontend/src/__tests__/ActingAs.test.js">
        <testCase name="User acting as tests is a Vue instance" duration="10"/>
        <testCase name="User acting as tests Check username is shown" duration="8"/>
        <testCase name="User acting as tests Check username is displaying the correct username and role" duration="6"/>
        <testCase name="User acting as tests Check user primary businesses list is rendered" duration="7"/>
        <testCase name="User acting as tests Check selecting business in dropdown calls setActingAsBusinessId method" duration="8"/>
        <testCase name="User acting as tests Check selecting user calls setActingAsUser method" duration="9"/>
    </file>
    <file path="/home/sam/Documents/seng302/team-900/frontend/src/__tests__/BusinessAdministrators.test.js">
        <testCase name="Component is a Vue instance" duration="5"/>
        <testCase name="Component Props data loads correctly." duration="5"/>
        <testCase name="UI components render successfully Correct number of admin cards generate" duration="5"/>
        <testCase name="Checking method functions Router pushes" duration="4"/>
    </file>
    <file path="/home/sam/Documents/seng302/team-900/frontend/src/__tests__/RegisterBusiness.test.js">
        <testCase name="Business Register error checking Handles empty Register" duration="333"/>
        <testCase name="Business Register error checking Handles only name" duration="135"/>
        <testCase name="Business Register error checking Handles only a type" duration="162"/>
        <testCase name="Business Register error checking Handles old enough user" duration="141"/>
        <testCase name="Business Register user age checking Handles to young user" duration="185"/>
        <testCase name="Business registration method checking Country is successfully set" duration="112"/>
        <testCase name="Business registration method checking City is successfully set" duration="109"/>
        <testCase name="Checking valid age to register a business Test empty date of birth" duration="75"/>
        <testCase name="Checking valid age to register a business Test successful age older than 16" duration="88"/>
        <testCase name="Checking valid age to register a business Test unsuccessful age younger than 16" duration="76"/>
        <testCase name="Checking valid age to register a business Test date of birth of now to be invalid" duration="91"/>
        <testCase name="Check user sessions Not logged in (no userId in store)" duration="97"/>
        <testCase name="Creating business Successful" duration="96"/>
        <testCase name="Creating business Unsuccessful" duration="50"/>
        <testCase name="Get user info Successful" duration="37"/>
    </file>
</testExecutions>