<?xml version="1.0" encoding="UTF-8"?>
<testExecutions version="1">
    <file path="C:\Users\Jackie\Documents\University\SENG302\team-900\frontend\src\__tests__\ModifyInventory.test.js">
        <testCase name="Component is a Vue instance" duration="114"/>
        <testCase name="Component Invalid ID error" duration="158"/>
        <testCase name="Component Invalid PricePerItem error" duration="80"/>
        <testCase name="Component No date error" duration="108"/>
        <testCase name="Component Negative price per item error" duration="164"/>
        <testCase name="Component Null total price error" duration="78"/>
        <testCase name="Component Negative total price error" duration="136"/>
        <testCase name="Component Negative quantity error" duration="132"/>
        <testCase name="Component Past best before date error" duration="115"/>
        <testCase name="Component Past list expiry date error" duration="121"/>
        <testCase name="Component Future manufacture date error" duration="103"/>
        <testCase name="Component Past sell by date error" duration="71"/>
        <testCase name="Component Best Before date is after expiry date error" duration="89"/>
        <testCase name="Component Best Before date is before expiry date success" duration="35"/>
        <testCase name="Component Successful check" duration="36"/>
        <testCase name="Get business products Success" duration="35"/>
        <testCase name="Get business products Failure" duration="51"/>
        <testCase name="Modify inventory tests Successful modify" duration="46"/>
        <testCase name="Modify inventory tests Unsuccessful with bad response" duration="47"/>
        <testCase name="Modify inventory tests Unsuccessful with forbidden response" duration="35"/>
        <testCase name="Autofill Autofill" duration="36"/>
    </file>
</testExecutions>